<?xml version="1.0" encoding="UTF-8"?>
<!-- Generated by org.testng.reporters.JUnitXMLReporter -->
<testsuite hostname="Atins-MacBook-Pro.local" ignored="0" name="Default test" tests="4" failures="0" timestamp="26 Apr 2018 01:50:00 GMT" time="0.485" errors="0">
  <testcase name="checkSlider" time="0.336" classname="co.pragra.selboot.testscripts.HomePageTest"/>
  <testcase name="testCheckBox" time="0.002" classname="co.pragra.selboot.testscripts.HomePageTest"/>
  <testcase name="testInputBoxWrite" time="0.005" classname="co.pragra.selboot.testscripts.HomePageTest"/>
  <testcase name="testtoCheckSize" time="0.003" classname="co.pragra.selboot.testscripts.HomePageTest"/>
</testsuite> <!-- Default test -->
