<?xml version="1.0" encoding="UTF-8"?>
<!-- Generated by org.testng.reporters.JUnitXMLReporter -->
<testsuite hostname="Atins-MacBook-Pro.local" ignored="0" name="Test" tests="10" failures="0" timestamp="28 Apr 2018 14:38:11 GMT" time="1.786" errors="0">
  <testcase name="@BeforeSuite testSetup" time="0.0" classname="co.pragra.selboot.testscripts.HomePageTest">
    <failure type="org.testng.TestNGException" message="
Parameter &amp;apos;url&amp;apos; is required by BeforeSuite on method testSetup but has not been marked @Optional or defined
in /Users/atinsingh/OneDrive/selframework/testng.xml">
      <![CDATA[org.testng.TestNGException: 
Parameter 'url' is required by BeforeSuite on method testSetup but has not been marked @Optional or defined
in /Users/atinsingh/OneDrive/selframework/testng.xml
... Removed 16 stack frames]]>
    </failure>
  </testcase> <!-- @BeforeSuite testSetup -->
  <testcase name="checkSlider" time="0.0" classname="co.pragra.selboot.testscripts.HomePageTest">
    <skipped/>
  </testcase> <!-- checkSlider -->
  <testcase name="takeScreenShot" time="0.0" classname="co.pragra.selboot.testscripts.HomePageTest">
    <skipped/>
  </testcase> <!-- takeScreenShot -->
  <testcase name="test" time="0.0" classname="co.pragra.selboot.testscripts.HomePageTest">
    <skipped/>
  </testcase> <!-- test -->
  <testcase name="testAlert" time="0.0" classname="co.pragra.selboot.testscripts.HomePageTest">
    <skipped/>
  </testcase> <!-- testAlert -->
  <testcase name="testCSVDriver" time="0.0" classname="co.pragra.selboot.testscripts.HomePageTest">
    <skipped/>
  </testcase> <!-- testCSVDriver -->
  <testcase name="testCheckBox" time="0.0" classname="co.pragra.selboot.testscripts.HomePageTest">
    <skipped/>
  </testcase> <!-- testCheckBox -->
  <testcase name="testExcelReader" time="0.0" classname="co.pragra.selboot.testscripts.HomePageTest">
    <skipped/>
  </testcase> <!-- testExcelReader -->
  <testcase name="testInputBoxWrite" time="0.0" classname="co.pragra.selboot.testscripts.HomePageTest">
    <skipped/>
  </testcase> <!-- testInputBoxWrite -->
  <testcase name="testSetup" time="0.0" classname="co.pragra.selboot.testscripts.HomePageTest">
    <skipped/>
  </testcase> <!-- testSetup -->
  <testcase name="testtoCheckSize" time="0.0" classname="co.pragra.selboot.testscripts.HomePageTest">
    <skipped/>
  </testcase> <!-- testtoCheckSize -->
</testsuite> <!-- Test -->
