<?xml version="1.0" encoding="UTF-8"?>
<testng-results skipped="0" failed="0" ignored="0" total="1" passed="1">
  <reporter-output>
  </reporter-output>
  <suite name="Default suite" duration-ms="1509" started-at="2018-04-15T23:36:35Z" finished-at="2018-04-15T23:36:37Z">
    <groups>
    </groups>
    <test name="Default test" duration-ms="1509" started-at="2018-04-15T23:36:35Z" finished-at="2018-04-15T23:36:37Z">
      <class name="co.pragra.selboot.testscripts.HomePageTest">
        <test-method status="PASS" signature="testSetup()[pri:0, instance:co.pragra.selboot.testscripts.HomePageTest@66d3eec0]" name="testSetup" is-config="true" duration-ms="3961" started-at="2018-04-15T19:36:31Z" finished-at="2018-04-15T19:36:35Z">
          <reporter-output>
          </reporter-output>
        </test-method> <!-- testSetup -->
        <test-method status="PASS" signature="testInputBoxWrite()[pri:0, instance:co.pragra.selboot.testscripts.HomePageTest@66d3eec0]" name="testInputBoxWrite" duration-ms="1493" started-at="2018-04-15T19:36:35Z" finished-at="2018-04-15T19:36:37Z">
          <reporter-output>
          </reporter-output>
        </test-method> <!-- testInputBoxWrite -->
      </class> <!-- co.pragra.selboot.testscripts.HomePageTest -->
    </test> <!-- Default test -->
  </suite> <!-- Default suite -->
</testng-results>
